<?xml version="1.0" encoding="UTF-8"?>
<testng-results skipped="0" failed="1" total="1" passed="0">
  <reporter-output>
  </reporter-output>
  <suite name="Default suite" duration-ms="45435" started-at="2015-06-03T12:08:51Z" finished-at="2015-06-03T12:09:36Z">
    <groups>
    </groups>
    <test name="Default test" duration-ms="45435" started-at="2015-06-03T12:08:51Z" finished-at="2015-06-03T12:09:36Z">
      <class name="com.fotoplace.test.base.DriverOperate">
        <test-method status="PASS" signature="setUp()[pri:0, instance:com.fotoplace.test.base.DriverOperate@340f438e]" name="setUp" is-config="true" duration-ms="43338" started-at="2015-06-03T20:08:51Z" finished-at="2015-06-03T20:09:34Z">
          <reporter-output>
          </reporter-output>
        </test-method> <!-- setUp -->
        <test-method status="FAIL" signature="UserLogin()[pri:0, instance:com.fotoplace.test.base.DriverOperate@340f438e]" name="UserLogin" duration-ms="87" started-at="2015-06-03T20:09:34Z" finished-at="2015-06-03T20:09:34Z">
          <exception class="org.openqa.selenium.NoSuchElementException">
            <message>
              <![CDATA[An element could not be located on the page using the given search parameters. (WARNING: The server did not provide any stacktrace information)
Command duration or timeout: 45 milliseconds
For documentation on this error, please visit: http://seleniumhq.org/exceptions/no_such_element.html
Build info: version: '2.43.1', revision: '5163bceef1bc36d43f3dc0b83c88998168a363a0', time: '2014-09-10 09:43:55'
System info: host: 'guoqiang-PC', ip: '192.168.56.1', os.name: 'Windows 7', os.arch: 'amd64', os.version: '6.1', java.version: '1.8.0'
Driver info: io.appium.java_client.android.AndroidDriver
Capabilities [{app=D:\project\workspace\FotoplaceAndroidUIautomation\apps\ContactManager\fotoplace_v2.3.4.apk, appPackage=cc.fotoplace.app, networkConnectionEnabled=true, warnings={}, databaseEnabled=false, deviceName=06909eaa439c7872, platform=WINDOWS, appActivity=cc.fotoplace.app.ui.InitActivity, desired={app=D:\project\workspace\FotoplaceAndroidUIautomation\apps\ContactManager\fotoplace_v2.3.4.apk, appPackage=cc.fotoplace.app, appActivity=cc.fotoplace.app.ui.InitActivity, platformVersion=5.1.1, platformName=Android, deviceName=06909eaa439c7872, platform=WINDOWS}, platformVersion=5.1.1, webStorageEnabled=false, locationContextEnabled=false, browserName=Android, takesScreenshot=true, javascriptEnabled=true, platformName=Android}]
Session ID: 6aa73d7f-597a-42fe-ab09-c87486d0f11c]]>
            </message>
            <full-stacktrace>
              <![CDATA[org.openqa.selenium.NoSuchElementException: An element could not be located on the page using the given search parameters. (WARNING: The server did not provide any stacktrace information)
Command duration or timeout: 45 milliseconds
For documentation on this error, please visit: http://seleniumhq.org/exceptions/no_such_element.html
Build info: version: '2.43.1', revision: '5163bceef1bc36d43f3dc0b83c88998168a363a0', time: '2014-09-10 09:43:55'
System info: host: 'guoqiang-PC', ip: '192.168.56.1', os.name: 'Windows 7', os.arch: 'amd64', os.version: '6.1', java.version: '1.8.0'
Driver info: io.appium.java_client.android.AndroidDriver
Capabilities [{app=D:\project\workspace\FotoplaceAndroidUIautomation\apps\ContactManager\fotoplace_v2.3.4.apk, appPackage=cc.fotoplace.app, networkConnectionEnabled=true, warnings={}, databaseEnabled=false, deviceName=06909eaa439c7872, platform=WINDOWS, appActivity=cc.fotoplace.app.ui.InitActivity, desired={app=D:\project\workspace\FotoplaceAndroidUIautomation\apps\ContactManager\fotoplace_v2.3.4.apk, appPackage=cc.fotoplace.app, appActivity=cc.fotoplace.app.ui.InitActivity, platformVersion=5.1.1, platformName=Android, deviceName=06909eaa439c7872, platform=WINDOWS}, platformVersion=5.1.1, webStorageEnabled=false, locationContextEnabled=false, browserName=Android, takesScreenshot=true, javascriptEnabled=true, platformName=Android}]
Session ID: 6aa73d7f-597a-42fe-ab09-c87486d0f11c
	at sun.reflect.NativeConstructorAccessorImpl.newInstance0(Native Method)
	at sun.reflect.NativeConstructorAccessorImpl.newInstance(NativeConstructorAccessorImpl.java:62)
	at sun.reflect.DelegatingConstructorAccessorImpl.newInstance(DelegatingConstructorAccessorImpl.java:45)
	at java.lang.reflect.Constructor.newInstance(Constructor.java:408)
	at org.openqa.selenium.remote.ErrorHandler.createThrowable(ErrorHandler.java:204)
	at org.openqa.selenium.remote.ErrorHandler.throwIfResponseFailed(ErrorHandler.java:156)
	at org.openqa.selenium.remote.RemoteWebDriver.execute(RemoteWebDriver.java:599)
	at io.appium.java_client.AppiumDriver.execute(AppiumDriver.java:180)
	at org.openqa.selenium.remote.RemoteWebDriver.findElement(RemoteWebDriver.java:352)
	at org.openqa.selenium.remote.RemoteWebDriver.findElementById(RemoteWebDriver.java:393)
	at org.openqa.selenium.By$ById.findElement(By.java:214)
	at org.openqa.selenium.remote.RemoteWebDriver.findElement(RemoteWebDriver.java:344)
	at com.fotoplace.test.base.DriverOperate.UserLogin(DriverOperate.java:238)
	at sun.reflect.NativeMethodAccessorImpl.invoke0(Native Method)
	at sun.reflect.NativeMethodAccessorImpl.invoke(NativeMethodAccessorImpl.java:62)
	at sun.reflect.DelegatingMethodAccessorImpl.invoke(DelegatingMethodAccessorImpl.java:43)
	at java.lang.reflect.Method.invoke(Method.java:483)
	at org.testng.internal.MethodInvocationHelper.invokeMethod(MethodInvocationHelper.java:84)
	at org.testng.internal.Invoker.invokeMethod(Invoker.java:714)
	at org.testng.internal.Invoker.invokeTestMethod(Invoker.java:901)
	at org.testng.internal.Invoker.invokeTestMethods(Invoker.java:1231)
	at org.testng.internal.TestMethodWorker.invokeTestMethods(TestMethodWorker.java:127)
	at org.testng.internal.TestMethodWorker.run(TestMethodWorker.java:111)
	at org.testng.TestRunner.privateRun(TestRunner.java:767)
	at org.testng.TestRunner.run(TestRunner.java:617)
	at org.testng.SuiteRunner.runTest(SuiteRunner.java:334)
	at org.testng.SuiteRunner.runSequentially(SuiteRunner.java:329)
	at org.testng.SuiteRunner.privateRun(SuiteRunner.java:291)
	at org.testng.SuiteRunner.run(SuiteRunner.java:240)
	at org.testng.SuiteRunnerWorker.runSuite(SuiteRunnerWorker.java:52)
	at org.testng.SuiteRunnerWorker.run(SuiteRunnerWorker.java:86)
	at org.testng.TestNG.runSuitesSequentially(TestNG.java:1224)
	at org.testng.TestNG.runSuitesLocally(TestNG.java:1149)
	at org.testng.TestNG.run(TestNG.java:1057)
	at org.testng.remote.RemoteTestNG.run(RemoteTestNG.java:111)
	at org.testng.remote.RemoteTestNG.initAndRun(RemoteTestNG.java:204)
	at org.testng.remote.RemoteTestNG.main(RemoteTestNG.java:175)
]]>
            </full-stacktrace>
          </exception> <!-- org.openqa.selenium.NoSuchElementException -->
          <reporter-output>
          </reporter-output>
        </test-method> <!-- UserLogin -->
        <test-method status="PASS" signature="tearDown()[pri:0, instance:com.fotoplace.test.base.DriverOperate@340f438e]" name="tearDown" is-config="true" duration-ms="1948" started-at="2015-06-03T20:09:34Z" finished-at="2015-06-03T20:09:36Z">
          <reporter-output>
          </reporter-output>
        </test-method> <!-- tearDown -->
      </class> <!-- com.fotoplace.test.base.DriverOperate -->
    </test> <!-- Default test -->
  </suite> <!-- Default suite -->
</testng-results>
